02-Apr-2025 17:47:46.792 INFO  com.github.kohthecodemaster.Main - 

---------------------------
Application Starting...
----------------------------

02-Apr-2025 17:47:46.792 INFO  com.github.kohthecodemaster.Main - 

---------------------------
Creating dummy data...
----------------------------

02-Apr-2025 17:47:46.792 INFO  com.github.kohthecodemaster.Main - This is a test log message. 0
02-Apr-2025 17:47:46.792 INFO  com.github.kohthecodemaster.Main - This is a test log message. 1
02-Apr-2025 17:47:46.792 INFO  com.github.kohthecodemaster.Main - This is a test log message. 2
02-Apr-2025 17:47:46.792 INFO  com.github.kohthecodemaster.Main - This is a test log message. 3
02-Apr-2025 17:47:46.792 INFO  com.github.kohthecodemaster.Main - This is a test log message. 4
02-Apr-2025 17:47:46.792 INFO  com.github.kohthecodemaster.Main - This is a test log message. 5
02-Apr-2025 17:47:46.792 INFO  com.github.kohthecodemaster.Main - This is a test log message. 6
02-Apr-2025 17:47:46.792 INFO  com.github.kohthecodemaster.Main - This is a test log message. 7
02-Apr-2025 17:47:46.792 INFO  com.github.kohthecodemaster.Main - This is a test log message. 8
02-Apr-2025 17:47:46.792 INFO  com.github.kohthecodemaster.Main - This is a test log message. 9
02-Apr-2025 17:47:46.792 INFO  com.github.kohthecodemaster.Main - This is a test log message. 10
02-Apr-2025 17:47:46.792 INFO  com.github.kohthecodemaster.Main - This is a test log message. 11
02-Apr-2025 17:47:46.792 INFO  com.github.kohthecodemaster.Main - This is a test log message. 12
02-Apr-2025 17:47:46.792 INFO  com.github.kohthecodemaster.Main - This is a test log message. 13
02-Apr-2025 17:47:46.792 INFO  com.github.kohthecodemaster.Main - This is a test log message. 14
02-Apr-2025 17:47:46.792 INFO  com.github.kohthecodemaster.Main - This is a test log message. 15
02-Apr-2025 17:47:46.792 INFO  com.github.kohthecodemaster.Main - This is a test log message. 16
02-Apr-2025 17:47:46.792 INFO  com.github.kohthecodemaster.Main - This is a test log message. 17
02-Apr-2025 17:47:46.792 INFO  com.github.kohthecodemaster.Main - This is a test log message. 18
02-Apr-2025 17:47:46.792 INFO  com.github.kohthecodemaster.Main - This is a test log message. 19
02-Apr-2025 17:47:46.792 INFO  com.github.kohthecodemaster.Main - This is a test log message. 20
02-Apr-2025 17:47:46.792 INFO  com.github.kohthecodemaster.Main - This is a test log message. 21
02-Apr-2025 17:47:46.792 INFO  com.github.kohthecodemaster.Main - This is a test log message. 22
02-Apr-2025 17:47:46.792 INFO  com.github.kohthecodemaster.Main - This is a test log message. 23
02-Apr-2025 17:47:46.792 INFO  com.github.kohthecodemaster.Main - This is a test log message. 24
02-Apr-2025 17:47:46.792 INFO  com.github.kohthecodemaster.Main - This is a test log message. 25
02-Apr-2025 17:47:46.792 INFO  com.github.kohthecodemaster.Main - This is a test log message. 26
02-Apr-2025 17:47:46.792 INFO  com.github.kohthecodemaster.Main - This is a test log message. 27
02-Apr-2025 17:47:46.792 INFO  com.github.kohthecodemaster.Main - This is a test log message. 28
02-Apr-2025 17:47:46.792 INFO  com.github.kohthecodemaster.Main - This is a test log message. 29
02-Apr-2025 17:47:46.792 INFO  com.github.kohthecodemaster.Main - This is a test log message. 30
02-Apr-2025 17:47:46.792 INFO  com.github.kohthecodemaster.Main - This is a test log message. 31
02-Apr-2025 17:47:46.792 INFO  com.github.kohthecodemaster.Main - This is a test log message. 32
02-Apr-2025 17:47:46.792 INFO  com.github.kohthecodemaster.Main - This is a test log message. 33
02-Apr-2025 17:47:46.792 INFO  com.github.kohthecodemaster.Main - This is a test log message. 34
02-Apr-2025 17:47:46.792 INFO  com.github.kohthecodemaster.Main - This is a test log message. 35
02-Apr-2025 17:47:46.792 INFO  com.github.kohthecodemaster.Main - This is a test log message. 36
02-Apr-2025 17:47:46.792 INFO  com.github.kohthecodemaster.Main - This is a test log message. 37
02-Apr-2025 17:47:46.792 INFO  com.github.kohthecodemaster.Main - This is a test log message. 38
02-Apr-2025 17:47:46.792 INFO  com.github.kohthecodemaster.Main - This is a test log message. 39
02-Apr-2025 17:47:46.792 INFO  com.github.kohthecodemaster.Main - This is a test log message. 40
02-Apr-2025 17:47:46.792 INFO  com.github.kohthecodemaster.Main - This is a test log message. 41
02-Apr-2025 17:47:46.792 INFO  com.github.kohthecodemaster.Main - This is a test log message. 42
02-Apr-2025 17:47:46.792 INFO  com.github.kohthecodemaster.Main - This is a test log message. 43
02-Apr-2025 17:47:46.792 INFO  com.github.kohthecodemaster.Main - This is a test log message. 44
02-Apr-2025 17:47:46.792 INFO  com.github.kohthecodemaster.Main - This is a test log message. 45
02-Apr-2025 17:47:46.792 INFO  com.github.kohthecodemaster.Main - This is a test log message. 46
02-Apr-2025 17:47:46.792 INFO  com.github.kohthecodemaster.Main - This is a test log message. 47
02-Apr-2025 17:47:46.792 INFO  com.github.kohthecodemaster.Main - This is a test log message. 48
02-Apr-2025 17:47:46.792 INFO  com.github.kohthecodemaster.Main - This is a test log message. 49
02-Apr-2025 17:47:46.792 INFO  com.github.kohthecodemaster.Main - This is a test log message. 50
02-Apr-2025 17:47:46.792 INFO  com.github.kohthecodemaster.Main - This is a test log message. 51
02-Apr-2025 17:47:46.792 INFO  com.github.kohthecodemaster.Main - This is a test log message. 52
02-Apr-2025 17:47:46.792 INFO  com.github.kohthecodemaster.Main - This is a test log message. 53
02-Apr-2025 17:47:46.792 INFO  com.github.kohthecodemaster.Main - This is a test log message. 54
02-Apr-2025 17:47:46.792 INFO  com.github.kohthecodemaster.Main - This is a test log message. 55
02-Apr-2025 17:47:46.792 INFO  com.github.kohthecodemaster.Main - This is a test log message. 56
02-Apr-2025 17:47:46.792 INFO  com.github.kohthecodemaster.Main - This is a test log message. 57
02-Apr-2025 17:47:46.792 INFO  com.github.kohthecodemaster.Main - This is a test log message. 58
02-Apr-2025 17:47:46.792 INFO  com.github.kohthecodemaster.Main - This is a test log message. 59
02-Apr-2025 17:47:46.792 INFO  com.github.kohthecodemaster.Main - This is a test log message. 60
02-Apr-2025 17:47:46.792 INFO  com.github.kohthecodemaster.Main - This is a test log message. 61
02-Apr-2025 17:47:46.792 INFO  com.github.kohthecodemaster.Main - This is a test log message. 62
02-Apr-2025 17:47:46.792 INFO  com.github.kohthecodemaster.Main - This is a test log message. 63
02-Apr-2025 17:47:46.792 INFO  com.github.kohthecodemaster.Main - This is a test log message. 64
02-Apr-2025 17:47:46.792 INFO  com.github.kohthecodemaster.Main - This is a test log message. 65
02-Apr-2025 17:47:46.792 INFO  com.github.kohthecodemaster.Main - This is a test log message. 66
02-Apr-2025 17:47:46.792 INFO  com.github.kohthecodemaster.Main - This is a test log message. 67
02-Apr-2025 17:47:46.792 INFO  com.github.kohthecodemaster.Main - This is a test log message. 68
02-Apr-2025 17:47:46.792 INFO  com.github.kohthecodemaster.Main - This is a test log message. 69
02-Apr-2025 17:47:46.792 INFO  com.github.kohthecodemaster.Main - This is a test log message. 70
02-Apr-2025 17:47:46.792 INFO  com.github.kohthecodemaster.Main - This is a test log message. 71
02-Apr-2025 17:47:46.792 INFO  com.github.kohthecodemaster.Main - This is a test log message. 72
02-Apr-2025 17:47:46.792 INFO  com.github.kohthecodemaster.Main - This is a test log message. 73
02-Apr-2025 17:47:46.792 INFO  com.github.kohthecodemaster.Main - This is a test log message. 74
02-Apr-2025 17:47:46.792 INFO  com.github.kohthecodemaster.Main - This is a test log message. 75
02-Apr-2025 17:47:46.792 INFO  com.github.kohthecodemaster.Main - This is a test log message. 76
02-Apr-2025 17:47:46.792 INFO  com.github.kohthecodemaster.Main - This is a test log message. 77
02-Apr-2025 17:47:46.792 INFO  com.github.kohthecodemaster.Main - This is a test log message. 78
02-Apr-2025 17:47:46.792 INFO  com.github.kohthecodemaster.Main - This is a test log message. 79
02-Apr-2025 17:47:46.792 INFO  com.github.kohthecodemaster.Main - This is a test log message. 80
02-Apr-2025 17:47:46.792 INFO  com.github.kohthecodemaster.Main - This is a test log message. 81
02-Apr-2025 17:47:46.792 INFO  com.github.kohthecodemaster.Main - This is a test log message. 82
02-Apr-2025 17:47:46.792 INFO  com.github.kohthecodemaster.Main - This is a test log message. 83
02-Apr-2025 17:47:46.792 INFO  com.github.kohthecodemaster.Main - This is a test log message. 84
02-Apr-2025 17:47:46.792 INFO  com.github.kohthecodemaster.Main - This is a test log message. 85
02-Apr-2025 17:47:46.792 INFO  com.github.kohthecodemaster.Main - This is a test log message. 86
02-Apr-2025 17:47:46.792 INFO  com.github.kohthecodemaster.Main - This is a test log message. 87
02-Apr-2025 17:47:46.792 INFO  com.github.kohthecodemaster.Main - This is a test log message. 88
02-Apr-2025 17:47:46.792 INFO  com.github.kohthecodemaster.Main - This is a test log message. 89
02-Apr-2025 17:47:46.792 INFO  com.github.kohthecodemaster.Main - This is a test log message. 90
02-Apr-2025 17:47:46.792 INFO  com.github.kohthecodemaster.Main - This is a test log message. 91
02-Apr-2025 17:47:46.792 INFO  com.github.kohthecodemaster.Main - This is a test log message. 92
02-Apr-2025 17:47:46.792 INFO  com.github.kohthecodemaster.Main - This is a test log message. 93
02-Apr-2025 17:47:46.792 INFO  com.github.kohthecodemaster.Main - This is a test log message. 94
02-Apr-2025 17:47:46.792 INFO  com.github.kohthecodemaster.Main - This is a test log message. 95
02-Apr-2025 17:47:46.792 INFO  com.github.kohthecodemaster.Main - This is a test log message. 96
02-Apr-2025 17:47:46.792 INFO  com.github.kohthecodemaster.Main - This is a test log message. 97
02-Apr-2025 17:47:46.792 INFO  com.github.kohthecodemaster.Main - This is a test log message. 98
02-Apr-2025 17:47:46.792 INFO  com.github.kohthecodemaster.Main - This is a test log message. 99
02-Apr-2025 17:47:46.792 INFO  com.github.kohthecodemaster.Main - This is a test log message. 100
02-Apr-2025 17:47:46.792 INFO  com.github.kohthecodemaster.Main - This is a test log message. 101
