15-Apr-2025 22:54:51.113 INFO  com.github.kohthecodemaster.Main - 

---------------------------
Application Starting...
----------------------------

15-Apr-2025 22:54:51.390 INFO  com.github.kohthecodemaster.Main - Starting Main using Java 21.0.1 with PID 18716 (E:\KOH-Workspace\Dev-Zone\WebStorm-Projects\Frontend-Web-Dev\Projects\java-backend\projects\g-mart\build\classes\java\main started by kingo in E:\KOH-Workspace\Dev-Zone\WebStorm-Projects\Frontend-Web-Dev\Projects\java-backend)
15-Apr-2025 22:54:51.390 INFO  com.github.kohthecodemaster.Main - No active profile set, falling back to 1 default profile: "default"
15-Apr-2025 22:54:52.582 INFO  o.s.d.r.c.RepositoryConfigurationDelegate - Bootstrapping Spring Data JPA repositories in DEFAULT mode.
15-Apr-2025 22:54:52.630 INFO  o.s.d.r.c.RepositoryConfigurationDelegate - Finished Spring Data repository scanning in 36 ms. Found 3 JPA repository interfaces.
15-Apr-2025 22:54:53.059 INFO  o.s.b.w.e.tomcat.TomcatWebServer - Tomcat initialized with port 8081 (http)
15-Apr-2025 22:54:53.074 INFO  o.a.coyote.http11.Http11NioProtocol - Initializing ProtocolHandler ["http-nio-8081"]
15-Apr-2025 22:54:53.074 INFO  o.a.catalina.core.StandardService - Starting service [Tomcat]
15-Apr-2025 22:54:53.074 INFO  o.a.catalina.core.StandardEngine - Starting Servlet engine: [Apache Tomcat/10.1.39]
15-Apr-2025 22:54:53.122 INFO  o.a.c.c.C.[Tomcat].[localhost].[/] - Initializing Spring embedded WebApplicationContext
15-Apr-2025 22:54:53.122 INFO  o.s.b.w.s.c.ServletWebServerApplicationContext - Root WebApplicationContext: initialization completed in 1683 ms
15-Apr-2025 22:54:53.265 INFO  com.zaxxer.hikari.HikariDataSource - HikariPool-1 - Starting...
15-Apr-2025 22:54:53.440 INFO  com.zaxxer.hikari.pool.HikariPool - HikariPool-1 - Added connection org.sqlite.jdbc4.JDBC4Connection@64b0d1fa
15-Apr-2025 22:54:53.440 INFO  com.zaxxer.hikari.HikariDataSource - HikariPool-1 - Start completed.
15-Apr-2025 22:54:53.487 INFO  o.h.jpa.internal.util.LogHelper - HHH000204: Processing PersistenceUnitInfo [name: default]
15-Apr-2025 22:54:53.519 INFO  org.hibernate.Version - HHH000412: Hibernate ORM core version 6.6.11.Final
15-Apr-2025 22:54:53.551 INFO  o.h.c.i.RegionFactoryInitiator - HHH000026: Second-level cache disabled
15-Apr-2025 22:54:53.810 INFO  o.s.o.j.p.SpringPersistenceUnitInfo - No LoadTimeWeaver setup: ignoring JPA class transformer
15-Apr-2025 22:54:53.857 INFO  o.hibernate.orm.connections.pooling - HHH10001005: Database info:
	Database JDBC URL [Connecting through datasource 'HikariDataSource (HikariPool-1)']
	Database driver: undefined/unknown
	Database version: 3.45.1
	Autocommit mode: undefined/unknown
	Isolation level: undefined/unknown
	Minimum pool size: undefined/unknown
	Maximum pool size: undefined/unknown
15-Apr-2025 22:54:54.396 INFO  o.h.e.t.j.p.i.JtaPlatformInitiator - HHH000489: No JTA platform available (set 'hibernate.transaction.jta.platform' to enable JTA platform integration)
15-Apr-2025 22:54:54.396 INFO  o.s.o.j.LocalContainerEntityManagerFactoryBean - Initialized JPA EntityManagerFactory for persistence unit 'default'
15-Apr-2025 22:54:54.614 WARN  o.s.b.a.o.j.JpaBaseConfiguration$JpaWebConfiguration - spring.jpa.open-in-view is enabled by default. Therefore, database queries may be performed during view rendering. Explicitly configure spring.jpa.open-in-view to disable this warning
15-Apr-2025 22:54:55.137 INFO  o.a.coyote.http11.Http11NioProtocol - Starting ProtocolHandler ["http-nio-8081"]
15-Apr-2025 22:54:55.168 INFO  o.s.b.w.e.tomcat.TomcatWebServer - Tomcat started on port 8081 (http) with context path '/'
15-Apr-2025 22:54:55.168 INFO  com.github.kohthecodemaster.Main - Started Main in 4.0 seconds (process running for 9.596)
15-Apr-2025 22:55:38.045 INFO  o.a.c.c.C.[Tomcat].[localhost].[/] - Initializing Spring DispatcherServlet 'dispatcherServlet'
15-Apr-2025 22:55:38.045 INFO  o.s.web.servlet.DispatcherServlet - Initializing Servlet 'dispatcherServlet'
15-Apr-2025 22:55:38.046 INFO  o.s.web.servlet.DispatcherServlet - Completed initialization in 0 ms
