01-Apr-2025 21:33:11.612 INFO  com.github.kohthecodemaster.Main - This is a test log message. 142
01-Apr-2025 21:33:11.612 INFO  com.github.kohthecodemaster.Main - This is a test log message. 143
01-Apr-2025 21:33:11.612 INFO  com.github.kohthecodemaster.Main - This is a test log message. 144
01-Apr-2025 21:33:11.612 INFO  com.github.kohthecodemaster.Main - This is a test log message. 145
01-Apr-2025 21:33:11.612 INFO  com.github.kohthecodemaster.Main - This is a test log message. 146
01-Apr-2025 21:33:11.612 INFO  com.github.kohthecodemaster.Main - This is a test log message. 147
01-Apr-2025 21:33:11.612 INFO  com.github.kohthecodemaster.Main - This is a test log message. 148
01-Apr-2025 21:33:11.612 INFO  com.github.kohthecodemaster.Main - This is a test log message. 149
01-Apr-2025 21:33:11.612 INFO  com.github.kohthecodemaster.Main - This is a test log message. 150
01-Apr-2025 21:33:11.612 INFO  com.github.kohthecodemaster.Main - This is a test log message. 151
01-Apr-2025 21:33:11.612 INFO  com.github.kohthecodemaster.Main - This is a test log message. 152
01-Apr-2025 21:33:11.612 INFO  com.github.kohthecodemaster.Main - This is a test log message. 153
01-Apr-2025 21:33:11.612 INFO  com.github.kohthecodemaster.Main - This is a test log message. 154
01-Apr-2025 21:33:11.612 INFO  com.github.kohthecodemaster.Main - This is a test log message. 155
01-Apr-2025 21:33:11.612 INFO  com.github.kohthecodemaster.Main - This is a test log message. 156
01-Apr-2025 21:33:11.612 INFO  com.github.kohthecodemaster.Main - This is a test log message. 157
01-Apr-2025 21:33:11.612 INFO  com.github.kohthecodemaster.Main - This is a test log message. 158
01-Apr-2025 21:33:11.612 INFO  com.github.kohthecodemaster.Main - This is a test log message. 159
01-Apr-2025 21:33:11.612 INFO  com.github.kohthecodemaster.Main - This is a test log message. 160
01-Apr-2025 21:33:11.612 INFO  com.github.kohthecodemaster.Main - This is a test log message. 161
01-Apr-2025 21:33:11.612 INFO  com.github.kohthecodemaster.Main - This is a test log message. 162
01-Apr-2025 21:33:11.612 INFO  com.github.kohthecodemaster.Main - This is a test log message. 163
01-Apr-2025 21:33:11.612 INFO  com.github.kohthecodemaster.Main - This is a test log message. 164
01-Apr-2025 21:33:11.612 INFO  com.github.kohthecodemaster.Main - This is a test log message. 165
01-Apr-2025 21:33:11.612 INFO  com.github.kohthecodemaster.Main - This is a test log message. 166
01-Apr-2025 21:33:11.612 INFO  com.github.kohthecodemaster.Main - This is a test log message. 167
01-Apr-2025 21:33:11.612 INFO  com.github.kohthecodemaster.Main - This is a test log message. 168
01-Apr-2025 21:33:11.612 INFO  com.github.kohthecodemaster.Main - This is a test log message. 169
01-Apr-2025 21:33:11.612 INFO  com.github.kohthecodemaster.Main - This is a test log message. 170
01-Apr-2025 21:33:11.612 INFO  com.github.kohthecodemaster.Main - This is a test log message. 171
01-Apr-2025 21:33:11.612 INFO  com.github.kohthecodemaster.Main - This is a test log message. 172
01-Apr-2025 21:33:11.612 INFO  com.github.kohthecodemaster.Main - This is a test log message. 173
01-Apr-2025 21:33:11.612 INFO  com.github.kohthecodemaster.Main - This is a test log message. 174
01-Apr-2025 21:33:11.612 INFO  com.github.kohthecodemaster.Main - This is a test log message. 175
01-Apr-2025 21:33:11.612 INFO  com.github.kohthecodemaster.Main - This is a test log message. 176
01-Apr-2025 21:33:11.612 INFO  com.github.kohthecodemaster.Main - This is a test log message. 177
01-Apr-2025 21:33:11.612 INFO  com.github.kohthecodemaster.Main - This is a test log message. 178
01-Apr-2025 21:33:11.612 INFO  com.github.kohthecodemaster.Main - This is a test log message. 179
01-Apr-2025 21:33:11.612 INFO  com.github.kohthecodemaster.Main - This is a test log message. 180
01-Apr-2025 21:33:11.612 INFO  com.github.kohthecodemaster.Main - This is a test log message. 181
01-Apr-2025 21:33:11.612 INFO  com.github.kohthecodemaster.Main - This is a test log message. 182
01-Apr-2025 21:33:11.612 INFO  com.github.kohthecodemaster.Main - This is a test log message. 183
01-Apr-2025 21:33:11.612 INFO  com.github.kohthecodemaster.Main - This is a test log message. 184
01-Apr-2025 21:33:11.612 INFO  com.github.kohthecodemaster.Main - This is a test log message. 185
01-Apr-2025 21:33:11.612 INFO  com.github.kohthecodemaster.Main - This is a test log message. 186
01-Apr-2025 21:33:11.612 INFO  com.github.kohthecodemaster.Main - This is a test log message. 187
01-Apr-2025 21:33:11.612 INFO  com.github.kohthecodemaster.Main - This is a test log message. 188
01-Apr-2025 21:33:11.612 INFO  com.github.kohthecodemaster.Main - This is a test log message. 189
01-Apr-2025 21:33:11.612 INFO  com.github.kohthecodemaster.Main - This is a test log message. 190
01-Apr-2025 21:33:11.612 INFO  com.github.kohthecodemaster.Main - This is a test log message. 191
01-Apr-2025 21:33:11.612 INFO  com.github.kohthecodemaster.Main - This is a test log message. 192
01-Apr-2025 21:33:11.612 INFO  com.github.kohthecodemaster.Main - This is a test log message. 193
01-Apr-2025 21:33:11.612 INFO  com.github.kohthecodemaster.Main - This is a test log message. 194
01-Apr-2025 21:33:11.612 INFO  com.github.kohthecodemaster.Main - This is a test log message. 195
01-Apr-2025 21:33:11.612 INFO  com.github.kohthecodemaster.Main - This is a test log message. 196
01-Apr-2025 21:33:11.612 INFO  com.github.kohthecodemaster.Main - This is a test log message. 197
01-Apr-2025 21:33:11.612 INFO  com.github.kohthecodemaster.Main - This is a test log message. 198
01-Apr-2025 21:33:11.612 INFO  com.github.kohthecodemaster.Main - This is a test log message. 199
01-Apr-2025 21:33:11.612 INFO  com.github.kohthecodemaster.Main - 

---------------------------
Sample log message of 20 KB created.
----------------------------

