02-Apr-2025 19:54:09.964 INFO  o.s.b.w.s.c.ServletWebServerApplicationContext - Root WebApplicationContext: initialization completed in 930 ms
02-Apr-2025 19:54:10.118 INFO  com.zaxxer.hikari.HikariDataSource - HikariPool-1 - Starting...
02-Apr-2025 19:54:10.268 INFO  com.zaxxer.hikari.pool.HikariPool - HikariPool-1 - Added connection org.sqlite.jdbc4.JDBC4Connection@746c411c
02-Apr-2025 19:54:10.268 INFO  com.zaxxer.hikari.HikariDataSource - HikariPool-1 - Start completed.
02-Apr-2025 19:54:10.308 INFO  o.h.jpa.internal.util.LogHelper - HHH000204: Processing PersistenceUnitInfo [name: default]
02-Apr-2025 19:54:10.338 INFO  org.hibernate.Version - HHH000412: Hibernate ORM core version 6.6.11.Final
02-Apr-2025 19:54:10.358 INFO  o.h.c.i.RegionFactoryInitiator - HHH000026: Second-level cache disabled
02-Apr-2025 19:54:10.581 INFO  o.s.o.j.p.SpringPersistenceUnitInfo - No LoadTimeWeaver setup: ignoring JPA class transformer
02-Apr-2025 19:54:10.628 INFO  o.hibernate.orm.connections.pooling - HHH10001005: Database info:
	Database JDBC URL [Connecting through datasource 'HikariDataSource (HikariPool-1)']
	Database driver: undefined/unknown
	Database version: 3.45.1
	Autocommit mode: undefined/unknown
	Isolation level: undefined/unknown
	Minimum pool size: undefined/unknown
	Maximum pool size: undefined/unknown
02-Apr-2025 19:54:11.113 INFO  o.h.e.t.j.p.i.JtaPlatformInitiator - HHH000489: No JTA platform available (set 'hibernate.transaction.jta.platform' to enable JTA platform integration)
02-Apr-2025 19:54:11.113 INFO  o.s.o.j.LocalContainerEntityManagerFactoryBean - Initialized JPA EntityManagerFactory for persistence unit 'default'
02-Apr-2025 19:54:11.308 WARN  o.s.b.a.o.j.JpaBaseConfiguration$JpaWebConfiguration - spring.jpa.open-in-view is enabled by default. Therefore, database queries may be performed during view rendering. Explicitly configure spring.jpa.open-in-view to disable this warning
02-Apr-2025 19:54:11.698 INFO  o.a.coyote.http11.Http11NioProtocol - Starting ProtocolHandler ["http-nio-8081"]
02-Apr-2025 19:54:11.728 INFO  o.s.b.w.e.tomcat.TomcatWebServer - Tomcat started on port 8081 (http) with context path '/'
02-Apr-2025 19:54:11.742 INFO  com.github.kohthecodemaster.Main - Started Main in 2.984 seconds (process running for 3.386)
02-Apr-2025 19:54:22.335 INFO  o.a.c.c.C.[Tomcat].[localhost].[/] - Initializing Spring DispatcherServlet 'dispatcherServlet'
02-Apr-2025 19:54:22.338 INFO  o.s.web.servlet.DispatcherServlet - Initializing Servlet 'dispatcherServlet'
02-Apr-2025 19:54:22.338 INFO  o.s.web.servlet.DispatcherServlet - Completed initialization in 0 ms
02-Apr-2025 19:54:22.399 INFO  c.g.k.c.CategoryControllerDemo - Test Application Response: Test Passed. Application is up and running.
02-Apr-2025 19:54:22.488 INFO  c.g.k.service.CategoryService - Fetched all categories: [{
  "id": 1,
  "name": "Vegetables \u0026 Fruits"
}, {
  "id": 2,
  "name": "Dairy \u0026 Breakfast"
}, {
  "id": 3,
  "name": "Munchies"
}, {
  "id": 4,
  "name": "Cold Drinks \u0026 Juices"
}, {
  "id": 5,
  "name": "Instant \u0026 Frozen Food"
}, {
  "id": 6,
  "name": "Tea, Coffee \u0026 Health Drinks"
}, {
  "id": 7,
  "name": "Bakery \u0026 Biscuits"
}, {
  "id": 8,
  "name": "Dummy Category 1"
}, {
  "id": 11,
  "name": "Dummy Category 1"
}]
02-Apr-2025 19:54:22.502 INFO  c.g.k.c.CategoryControllerDemo - All Categories:
[
  {
    "id": 1,
    "name": "Vegetables \u0026 Fruits"
  },
  {
    "id": 2,
    "name": "Dairy \u0026 Breakfast"
  },
  {
    "id": 3,
    "name": "Munchies"
  },
  {
    "id": 4,
    "name": "Cold Drinks \u0026 Juices"
  },
  {
    "id": 5,
    "name": "Instant \u0026 Frozen Food"
  },
  {
    "id": 6,
    "name": "Tea, Coffee \u0026 Health Drinks"
  },
  {
    "id": 7,
    "name": "Bakery \u0026 Biscuits"
  },
  {
    "id": 8,
    "name": "Dummy Category 1"
  },
  {
    "id": 11,
    "name": "Dummy Category 1"
  }
]
02-Apr-2025 19:54:22.508 INFO  c.g.k.service.CategoryService - Fetching category with ID: 4
02-Apr-2025 19:54:22.514 INFO  c.g.k.service.CategoryService - Category found: {
  "id": 4,
  "name": "Cold Drinks \u0026 Juices"
}
02-Apr-2025 19:54:22.516 INFO  c.g.k.c.CategoryControllerDemo - Category by ID (4):
{
  "id": 4,
  "name": "Cold Drinks \u0026 Juices"
}
02-Apr-2025 19:54:29.374 INFO  c.g.k.service.CategoryService - Fetched all categories: [{
  "id": 1,
  "name": "Vegetables \u0026 Fruits"
}, {
  "id": 2,
  "name": "Dairy \u0026 Breakfast"
}, {
  "id": 3,
  "name": "Munchies"
}, {
  "id": 4,
  "name": "Cold Drinks \u0026 Juices"
}, {
  "id": 5,
  "name": "Instant \u0026 Frozen Food"
}, {
  "id": 6,
  "name": "Tea, Coffee \u0026 Health Drinks"
}, {
  "id": 7,
  "name": "Bakery \u0026 Biscuits"
}, {
  "id": 8,
  "name": "Dummy Category 1"
}, {
  "id": 11,
  "name": "Dummy Category 1"
}]
02-Apr-2025 19:57:43.938 INFO  com.github.kohthecodemaster.Main - 

---------------------------
Application Starting...
----------------------------

02-Apr-2025 19:57:43.938 INFO  com.github.kohthecodemaster.Main - 

---------------------------
Creating dummy data...
----------------------------

02-Apr-2025 19:57:43.938 INFO  com.github.kohthecodemaster.Main - This is a test log message. 0
02-Apr-2025 19:57:43.938 INFO  com.github.kohthecodemaster.Main - This is a test log message. 1
02-Apr-2025 19:57:43.938 INFO  com.github.kohthecodemaster.Main - This is a test log message. 2
02-Apr-2025 19:57:43.938 INFO  com.github.kohthecodemaster.Main - This is a test log message. 3
02-Apr-2025 19:57:43.938 INFO  com.github.kohthecodemaster.Main - This is a test log message. 4
02-Apr-2025 19:57:43.938 INFO  com.github.kohthecodemaster.Main - This is a test log message. 5
02-Apr-2025 19:57:43.938 INFO  com.github.kohthecodemaster.Main - This is a test log message. 6
02-Apr-2025 19:57:43.938 INFO  com.github.kohthecodemaster.Main - This is a test log message. 7
02-Apr-2025 19:57:43.938 INFO  com.github.kohthecodemaster.Main - This is a test log message. 8
02-Apr-2025 19:57:43.938 INFO  com.github.kohthecodemaster.Main - This is a test log message. 9
02-Apr-2025 19:57:43.938 INFO  com.github.kohthecodemaster.Main - This is a test log message. 10
02-Apr-2025 19:57:43.938 INFO  com.github.kohthecodemaster.Main - This is a test log message. 11
02-Apr-2025 19:57:43.938 INFO  com.github.kohthecodemaster.Main - This is a test log message. 12
02-Apr-2025 19:57:43.938 INFO  com.github.kohthecodemaster.Main - This is a test log message. 13
02-Apr-2025 19:57:43.938 INFO  com.github.kohthecodemaster.Main - This is a test log message. 14
02-Apr-2025 19:57:43.938 INFO  com.github.kohthecodemaster.Main - This is a test log message. 15
02-Apr-2025 19:57:43.938 INFO  com.github.kohthecodemaster.Main - This is a test log message. 16
02-Apr-2025 19:57:43.938 INFO  com.github.kohthecodemaster.Main - This is a test log message. 17
02-Apr-2025 19:57:43.938 INFO  com.github.kohthecodemaster.Main - This is a test log message. 18
02-Apr-2025 19:57:43.938 INFO  com.github.kohthecodemaster.Main - This is a test log message. 19
02-Apr-2025 19:57:43.938 INFO  com.github.kohthecodemaster.Main - This is a test log message. 20
02-Apr-2025 19:57:43.938 INFO  com.github.kohthecodemaster.Main - This is a test log message. 21
02-Apr-2025 19:57:43.938 INFO  com.github.kohthecodemaster.Main - This is a test log message. 22
02-Apr-2025 19:57:43.938 INFO  com.github.kohthecodemaster.Main - This is a test log message. 23
02-Apr-2025 19:57:43.938 INFO  com.github.kohthecodemaster.Main - This is a test log message. 24
02-Apr-2025 19:57:43.938 INFO  com.github.kohthecodemaster.Main - This is a test log message. 25
02-Apr-2025 19:57:43.938 INFO  com.github.kohthecodemaster.Main - This is a test log message. 26
02-Apr-2025 19:57:43.938 INFO  com.github.kohthecodemaster.Main - This is a test log message. 27
02-Apr-2025 19:57:43.938 INFO  com.github.kohthecodemaster.Main - This is a test log message. 28
02-Apr-2025 19:57:43.938 INFO  com.github.kohthecodemaster.Main - This is a test log message. 29
02-Apr-2025 19:57:43.938 INFO  com.github.kohthecodemaster.Main - This is a test log message. 30
02-Apr-2025 19:57:43.938 INFO  com.github.kohthecodemaster.Main - This is a test log message. 31
02-Apr-2025 19:57:43.938 INFO  com.github.kohthecodemaster.Main - This is a test log message. 32
02-Apr-2025 19:57:43.938 INFO  com.github.kohthecodemaster.Main - This is a test log message. 33
02-Apr-2025 19:57:43.938 INFO  com.github.kohthecodemaster.Main - This is a test log message. 34
02-Apr-2025 19:57:43.938 INFO  com.github.kohthecodemaster.Main - This is a test log message. 35
02-Apr-2025 19:57:43.938 INFO  com.github.kohthecodemaster.Main - This is a test log message. 36
02-Apr-2025 19:57:43.938 INFO  com.github.kohthecodemaster.Main - This is a test log message. 37
02-Apr-2025 19:57:43.938 INFO  com.github.kohthecodemaster.Main - This is a test log message. 38
02-Apr-2025 19:57:43.938 INFO  com.github.kohthecodemaster.Main - This is a test log message. 39
02-Apr-2025 19:57:43.938 INFO  com.github.kohthecodemaster.Main - This is a test log message. 40
02-Apr-2025 19:57:43.938 INFO  com.github.kohthecodemaster.Main - This is a test log message. 41
02-Apr-2025 19:57:43.938 INFO  com.github.kohthecodemaster.Main - This is a test log message. 42
02-Apr-2025 19:57:43.938 INFO  com.github.kohthecodemaster.Main - This is a test log message. 43
02-Apr-2025 19:57:43.938 INFO  com.github.kohthecodemaster.Main - This is a test log message. 44
02-Apr-2025 19:57:43.938 INFO  com.github.kohthecodemaster.Main - This is a test log message. 45
02-Apr-2025 19:57:43.938 INFO  com.github.kohthecodemaster.Main - This is a test log message. 46
02-Apr-2025 19:57:43.938 INFO  com.github.kohthecodemaster.Main - This is a test log message. 47
02-Apr-2025 19:57:43.938 INFO  com.github.kohthecodemaster.Main - This is a test log message. 48
02-Apr-2025 19:57:43.938 INFO  com.github.kohthecodemaster.Main - This is a test log message. 49
02-Apr-2025 19:57:43.938 INFO  com.github.kohthecodemaster.Main - This is a test log message. 50
02-Apr-2025 19:57:43.938 INFO  com.github.kohthecodemaster.Main - This is a test log message. 51
02-Apr-2025 19:57:43.938 INFO  com.github.kohthecodemaster.Main - This is a test log message. 52
