25-Apr-2025 13:37:35.384 INFO  com.github.kohthecodemaster.Main - 

---------------------------
Application Starting...
----------------------------

25-Apr-2025 13:37:35.709 INFO  com.github.kohthecodemaster.Main - Starting Main using Java 21.0.1 with PID 28204 (E:\KOH-Workspace\Dev-Zone\WebStorm-Projects\Frontend-Web-Dev\Projects\java-backend\projects\g-mart\build\classes\java\main started by kingo in E:\KOH-Workspace\Dev-Zone\WebStorm-Projects\Frontend-Web-Dev\Projects\java-backend)
25-Apr-2025 13:37:35.709 INFO  com.github.kohthecodemaster.Main - No active profile set, falling back to 1 default profile: "default"
25-Apr-2025 13:37:36.419 INFO  o.s.d.r.c.RepositoryConfigurationDelegate - Bootstrapping Spring Data JPA repositories in DEFAULT mode.
25-Apr-2025 13:37:36.467 INFO  o.s.d.r.c.RepositoryConfigurationDelegate - Finished Spring Data repository scanning in 38 ms. Found 3 JPA repository interfaces.
25-Apr-2025 13:37:37.051 INFO  o.s.b.w.e.tomcat.TomcatWebServer - Tomcat initialized with port 8081 (http)
25-Apr-2025 13:37:37.062 INFO  o.a.coyote.http11.Http11NioProtocol - Initializing ProtocolHandler ["http-nio-8081"]
25-Apr-2025 13:37:37.062 INFO  o.a.catalina.core.StandardService - Starting service [Tomcat]
25-Apr-2025 13:37:37.062 INFO  o.a.catalina.core.StandardEngine - Starting Servlet engine: [Apache Tomcat/10.1.39]
25-Apr-2025 13:37:37.122 INFO  o.a.c.c.C.[Tomcat].[localhost].[/] - Initializing Spring embedded WebApplicationContext
25-Apr-2025 13:37:37.122 INFO  o.s.b.w.s.c.ServletWebServerApplicationContext - Root WebApplicationContext: initialization completed in 1361 ms
25-Apr-2025 13:37:37.285 INFO  com.zaxxer.hikari.HikariDataSource - HikariPool-1 - Starting...
25-Apr-2025 13:37:37.445 INFO  com.zaxxer.hikari.pool.HikariPool - HikariPool-1 - Added connection org.sqlite.jdbc4.JDBC4Connection@f2276c9
25-Apr-2025 13:37:37.446 INFO  com.zaxxer.hikari.HikariDataSource - HikariPool-1 - Start completed.
25-Apr-2025 13:37:37.492 INFO  o.h.jpa.internal.util.LogHelper - HHH000204: Processing PersistenceUnitInfo [name: default]
25-Apr-2025 13:37:37.547 INFO  org.hibernate.Version - HHH000412: Hibernate ORM core version 6.6.11.Final
25-Apr-2025 13:37:37.569 INFO  o.h.c.i.RegionFactoryInitiator - HHH000026: Second-level cache disabled
25-Apr-2025 13:37:37.828 INFO  o.s.o.j.p.SpringPersistenceUnitInfo - No LoadTimeWeaver setup: ignoring JPA class transformer
25-Apr-2025 13:37:37.881 INFO  o.hibernate.orm.connections.pooling - HHH10001005: Database info:
	Database JDBC URL [Connecting through datasource 'HikariDataSource (HikariPool-1)']
	Database driver: undefined/unknown
	Database version: 3.45.1
	Autocommit mode: undefined/unknown
	Isolation level: undefined/unknown
	Minimum pool size: undefined/unknown
	Maximum pool size: undefined/unknown
25-Apr-2025 13:37:38.452 INFO  o.h.e.t.j.p.i.JtaPlatformInitiator - HHH000489: No JTA platform available (set 'hibernate.transaction.jta.platform' to enable JTA platform integration)
25-Apr-2025 13:37:38.456 INFO  o.s.o.j.LocalContainerEntityManagerFactoryBean - Initialized JPA EntityManagerFactory for persistence unit 'default'
25-Apr-2025 13:37:38.688 WARN  o.s.b.a.o.j.JpaBaseConfiguration$JpaWebConfiguration - spring.jpa.open-in-view is enabled by default. Therefore, database queries may be performed during view rendering. Explicitly configure spring.jpa.open-in-view to disable this warning
25-Apr-2025 13:37:39.682 INFO  o.a.coyote.http11.Http11NioProtocol - Starting ProtocolHandler ["http-nio-8081"]
25-Apr-2025 13:37:39.763 INFO  o.s.b.w.e.tomcat.TomcatWebServer - Tomcat started on port 8081 (http) with context path '/'
25-Apr-2025 13:37:39.787 INFO  com.github.kohthecodemaster.Main - Started Main in 4.34 seconds (process running for 8.88)
25-Apr-2025 13:38:12.920 INFO  o.a.c.c.C.[Tomcat].[localhost].[/] - Initializing Spring DispatcherServlet 'dispatcherServlet'
25-Apr-2025 13:38:12.920 INFO  o.s.web.servlet.DispatcherServlet - Initializing Servlet 'dispatcherServlet'
25-Apr-2025 13:38:12.920 INFO  o.s.web.servlet.DispatcherServlet - Completed initialization in 0 ms
25-Apr-2025 18:48:31.444 WARN  com.zaxxer.hikari.pool.HikariPool - HikariPool-1 - Thread starvation or clock leap detected (housekeeper delta=1h35m20s554ms138µs).
