23-Apr-2025 13:29:23.024 INFO  com.github.kohthecodemaster.Main - 

---------------------------
Application Starting...
----------------------------

23-Apr-2025 13:29:23.326 INFO  com.github.kohthecodemaster.Main - Starting Main using Java 21.0.1 with PID 16568 (E:\KOH-Workspace\Dev-Zone\WebStorm-Projects\Frontend-Web-Dev\Projects\java-backend\projects\g-mart\build\classes\java\main started by kingo in E:\KOH-Workspace\Dev-Zone\WebStorm-Projects\Frontend-Web-Dev\Projects\java-backend)
23-Apr-2025 13:29:23.326 INFO  com.github.kohthecodemaster.Main - No active profile set, falling back to 1 default profile: "default"
23-Apr-2025 13:29:23.999 INFO  o.s.d.r.c.RepositoryConfigurationDelegate - Bootstrapping Spring Data JPA repositories in DEFAULT mode.
23-Apr-2025 13:29:24.047 INFO  o.s.d.r.c.RepositoryConfigurationDelegate - Finished Spring Data repository scanning in 37 ms. Found 3 JPA repository interfaces.
23-Apr-2025 13:29:24.891 INFO  o.s.b.w.e.tomcat.TomcatWebServer - Tomcat initialized with port 8081 (http)
23-Apr-2025 13:29:25.050 INFO  o.a.coyote.http11.Http11NioProtocol - Initializing ProtocolHandler ["http-nio-8081"]
23-Apr-2025 13:29:25.066 INFO  o.a.catalina.core.StandardService - Starting service [Tomcat]
23-Apr-2025 13:29:25.066 INFO  o.a.catalina.core.StandardEngine - Starting Servlet engine: [Apache Tomcat/10.1.39]
23-Apr-2025 13:29:25.338 INFO  o.a.c.c.C.[Tomcat].[localhost].[/] - Initializing Spring embedded WebApplicationContext
23-Apr-2025 13:29:25.338 INFO  o.s.b.w.s.c.ServletWebServerApplicationContext - Root WebApplicationContext: initialization completed in 1965 ms
23-Apr-2025 13:29:25.726 INFO  com.zaxxer.hikari.HikariDataSource - HikariPool-1 - Starting...
23-Apr-2025 13:29:26.391 INFO  com.zaxxer.hikari.pool.HikariPool - HikariPool-1 - Added connection org.sqlite.jdbc4.JDBC4Connection@53747c4a
23-Apr-2025 13:29:26.408 INFO  com.zaxxer.hikari.HikariDataSource - HikariPool-1 - Start completed.
23-Apr-2025 13:29:26.568 INFO  o.h.jpa.internal.util.LogHelper - HHH000204: Processing PersistenceUnitInfo [name: default]
23-Apr-2025 13:29:26.711 INFO  org.hibernate.Version - HHH000412: Hibernate ORM core version 6.6.11.Final
23-Apr-2025 13:29:26.855 INFO  o.h.c.i.RegionFactoryInitiator - HHH000026: Second-level cache disabled
23-Apr-2025 13:29:27.637 INFO  o.s.o.j.p.SpringPersistenceUnitInfo - No LoadTimeWeaver setup: ignoring JPA class transformer
23-Apr-2025 13:29:27.716 INFO  o.hibernate.orm.connections.pooling - HHH10001005: Database info:
	Database JDBC URL [Connecting through datasource 'HikariDataSource (HikariPool-1)']
	Database driver: undefined/unknown
	Database version: 3.45.1
	Autocommit mode: undefined/unknown
	Isolation level: undefined/unknown
	Minimum pool size: undefined/unknown
	Maximum pool size: undefined/unknown
23-Apr-2025 13:29:30.428 INFO  o.h.e.t.j.p.i.JtaPlatformInitiator - HHH000489: No JTA platform available (set 'hibernate.transaction.jta.platform' to enable JTA platform integration)
23-Apr-2025 13:29:30.444 INFO  o.s.o.j.LocalContainerEntityManagerFactoryBean - Initialized JPA EntityManagerFactory for persistence unit 'default'
23-Apr-2025 13:29:31.578 WARN  o.s.b.a.o.j.JpaBaseConfiguration$JpaWebConfiguration - spring.jpa.open-in-view is enabled by default. Therefore, database queries may be performed during view rendering. Explicitly configure spring.jpa.open-in-view to disable this warning
23-Apr-2025 13:29:32.583 INFO  o.a.coyote.http11.Http11NioProtocol - Starting ProtocolHandler ["http-nio-8081"]
23-Apr-2025 13:29:32.615 INFO  o.s.b.w.e.tomcat.TomcatWebServer - Tomcat started on port 8081 (http) with context path '/'
23-Apr-2025 13:29:32.631 INFO  com.github.kohthecodemaster.Main - Started Main in 9.56 seconds (process running for 16.22)
23-Apr-2025 13:51:10.714 INFO  o.a.c.c.C.[Tomcat].[localhost].[/] - Initializing Spring DispatcherServlet 'dispatcherServlet'
23-Apr-2025 13:51:10.715 INFO  o.s.web.servlet.DispatcherServlet - Initializing Servlet 'dispatcherServlet'
23-Apr-2025 13:51:10.716 INFO  o.s.web.servlet.DispatcherServlet - Completed initialization in 1 ms
23-Apr-2025 16:22:57.818 WARN  com.zaxxer.hikari.pool.HikariPool - HikariPool-1 - Thread starvation or clock leap detected (housekeeper delta=48m29s663ms438µs300ns).
23-Apr-2025 19:01:46.803 WARN  com.zaxxer.hikari.pool.HikariPool - HikariPool-1 - Thread starvation or clock leap detected (housekeeper delta=1h42m48s113ms334µs700ns).
