14-Apr-2025 19:35:17.474 INFO  com.github.kohthecodemaster.Main - 

---------------------------
Application Starting...
----------------------------

14-Apr-2025 19:35:17.754 INFO  com.github.kohthecodemaster.Main - Starting Main using Java 21.0.1 with PID 19480 (E:\KOH-Workspace\Dev-Zone\WebStorm-Projects\Frontend-Web-Dev\Projects\java-backend\projects\g-mart\build\classes\java\main started by kingo in E:\KOH-Workspace\Dev-Zone\WebStorm-Projects\Frontend-Web-Dev\Projects\java-backend)
14-Apr-2025 19:35:17.754 INFO  com.github.kohthecodemaster.Main - No active profile set, falling back to 1 default profile: "default"
14-Apr-2025 19:35:18.370 INFO  o.s.d.r.c.RepositoryConfigurationDelegate - Bootstrapping Spring Data JPA repositories in DEFAULT mode.
14-Apr-2025 19:35:18.420 INFO  o.s.d.r.c.RepositoryConfigurationDelegate - Finished Spring Data repository scanning in 45 ms. Found 3 JPA repository interfaces.
14-Apr-2025 19:35:18.840 INFO  o.s.b.w.e.tomcat.TomcatWebServer - Tomcat initialized with port 8081 (http)
14-Apr-2025 19:35:18.856 INFO  o.a.coyote.http11.Http11NioProtocol - Initializing ProtocolHandler ["http-nio-8081"]
14-Apr-2025 19:35:18.856 INFO  o.a.catalina.core.StandardService - Starting service [Tomcat]
14-Apr-2025 19:35:18.856 INFO  o.a.catalina.core.StandardEngine - Starting Servlet engine: [Apache Tomcat/10.1.39]
14-Apr-2025 19:35:18.897 INFO  o.a.c.c.C.[Tomcat].[localhost].[/] - Initializing Spring embedded WebApplicationContext
14-Apr-2025 19:35:18.897 INFO  o.s.b.w.s.c.ServletWebServerApplicationContext - Root WebApplicationContext: initialization completed in 1091 ms
14-Apr-2025 19:35:19.029 INFO  com.zaxxer.hikari.HikariDataSource - HikariPool-1 - Starting...
14-Apr-2025 19:35:19.182 INFO  com.zaxxer.hikari.pool.HikariPool - HikariPool-1 - Added connection org.sqlite.jdbc4.JDBC4Connection@20801cbb
14-Apr-2025 19:35:19.182 INFO  com.zaxxer.hikari.HikariDataSource - HikariPool-1 - Start completed.
14-Apr-2025 19:35:19.250 INFO  o.h.jpa.internal.util.LogHelper - HHH000204: Processing PersistenceUnitInfo [name: default]
14-Apr-2025 19:35:19.297 INFO  org.hibernate.Version - HHH000412: Hibernate ORM core version 6.6.11.Final
14-Apr-2025 19:35:19.316 INFO  o.h.c.i.RegionFactoryInitiator - HHH000026: Second-level cache disabled
14-Apr-2025 19:35:19.565 INFO  o.s.o.j.p.SpringPersistenceUnitInfo - No LoadTimeWeaver setup: ignoring JPA class transformer
14-Apr-2025 19:35:19.620 INFO  o.hibernate.orm.connections.pooling - HHH10001005: Database info:
	Database JDBC URL [Connecting through datasource 'HikariDataSource (HikariPool-1)']
	Database driver: undefined/unknown
	Database version: 3.45.1
	Autocommit mode: undefined/unknown
	Isolation level: undefined/unknown
	Minimum pool size: undefined/unknown
	Maximum pool size: undefined/unknown
14-Apr-2025 19:35:20.204 INFO  o.h.e.t.j.p.i.JtaPlatformInitiator - HHH000489: No JTA platform available (set 'hibernate.transaction.jta.platform' to enable JTA platform integration)
14-Apr-2025 19:35:20.204 INFO  o.s.o.j.LocalContainerEntityManagerFactoryBean - Initialized JPA EntityManagerFactory for persistence unit 'default'
14-Apr-2025 19:35:20.447 WARN  o.s.b.a.o.j.JpaBaseConfiguration$JpaWebConfiguration - spring.jpa.open-in-view is enabled by default. Therefore, database queries may be performed during view rendering. Explicitly configure spring.jpa.open-in-view to disable this warning
14-Apr-2025 19:35:20.970 INFO  o.a.coyote.http11.Http11NioProtocol - Starting ProtocolHandler ["http-nio-8081"]
14-Apr-2025 19:35:20.999 INFO  o.s.b.w.e.tomcat.TomcatWebServer - Tomcat started on port 8081 (http) with context path '/'
14-Apr-2025 19:35:20.999 INFO  com.github.kohthecodemaster.Main - Started Main in 3.478 seconds (process running for 6.986)
14-Apr-2025 19:37:57.112 INFO  o.a.c.c.C.[Tomcat].[localhost].[/] - Initializing Spring DispatcherServlet 'dispatcherServlet'
14-Apr-2025 19:37:57.112 INFO  o.s.web.servlet.DispatcherServlet - Initializing Servlet 'dispatcherServlet'
14-Apr-2025 19:37:57.112 INFO  o.s.web.servlet.DispatcherServlet - Completed initialization in 0 ms
14-Apr-2025 20:22:24.320 WARN  com.zaxxer.hikari.pool.HikariPool - HikariPool-1 - Thread starvation or clock leap detected (housekeeper delta=22m34s688ms198µs400ns).
